{
  "0 debug pnpm:scope": {
    "selected": 1,
    "workspacePrefix": "/Users/xd/Documents/www/eurus-ui"
  },
  "1 error pnpm": {
    "errno": 1,
    "code": "ELIFECYCLE",
    "pkgid": "@eurus-ui/docs@1.0.0",
    "stage": "dev",
    "script": " vitepress dev .",
    "pkgname": "@eurus-ui/docs",
    "err": {
      "name": "pnpm",
      "message": "@eurus-ui/docs@1.0.0 dev: ` vitepress dev .`\nExit status 1",
      "code": "ELIFECYCLE",
      "stack": "pnpm: @eurus-ui/docs@1.0.0 dev: ` vitepress dev .`\nExit status 1\n    at EventEmitter.<anonymous> (/usr/local/lib/node_modules/pnpm/dist/pnpm.cjs:103315:20)\n    at EventEmitter.emit (node:events:526:28)\n    at ChildProcess.<anonymous> (/usr/local/lib/node_modules/pnpm/dist/pnpm.cjs:91255:18)\n    at ChildProcess.emit (node:events:526:28)\n    at maybeClose (node:internal/child_process:1092:16)\n    at Process.ChildProcess._handle.onexit (node:internal/child_process:302:5)"
    }
  }
}