Arguments: 
  /Users/xd/.nvm/versions/node/v16.15.1/bin/node /usr/local/Cellar/yarn/1.22.17_2/libexec/bin/yarn.js build:all

PATH: 
  /Users/xd/.nvm/versions/node/v16.15.1/bin:/usr/local/bin:/usr/local/sbin:/usr/local/bin:/usr/bin:/bin:/usr/sbin:/sbin:/Users/xd/.nvm/versions/node/v16.15.1/bin:/usr/local/sbin

Yarn version: 
  1.22.17

Node version: 
  16.15.1

Platform: 
  darwin x64

Trace: 
  SyntaxError: /Users/xd/Documents/www/eurus-ui/package.json: Unexpected token } in JSON at position 2623
      at JSON.parse (<anonymous>)
      at /usr/local/Cellar/yarn/1.22.17_2/libexec/lib/cli.js:1625:59
      at Generator.next (<anonymous>)
      at step (/usr/local/Cellar/yarn/1.22.17_2/libexec/lib/cli.js:310:30)
      at /usr/local/Cellar/yarn/1.22.17_2/libexec/lib/cli.js:321:13

npm manifest: 
  {
    "name": "eurus-ui",
    "version": "0.0.1",
    "description": "",
    "type": "module",
    "private": true,
    "packageManager": "pnpm@7.1.7",
    "engines": {
      "node": ">= 14"
    },
    "main": "dist/lib/index.js",
    "module": "dist/es/index.js",
    "scripts": {
      "dev":"esno scripts/build.ts",
      "build:compts": "cross-env NODE_ENV=compts esno scripts/build.ts",
      "build:all": "cross-env NODE_ENV=all esno scripts/build.ts",
      "build-types": "vue-tsc -p ./src/tsconfig.cjs.json --declaration --emitDeclarationOnly  && vue-tsc -p ./src/tsconfig.esm.json --declaration --emitDeclarationOnly  ",
      "gen-version": "esno ./scripts/gen-version.ts",
      "docs:dev": "vitepress dev docs",
      "docs:build": "pnpm -C docs build",
      "docs:serve": "pnpm -C docs serve",
      "commit": "git-cz",
      "release": "standard-version",
      "changelog": "conventional-changelog -p angular -i CHANGELOG.md -s -r 0",
      "log": "conventional-changelog",
      "lint-change": "lcf --fix \"{src,build,scripts,demo}/**/*.{ts,tsx,js,vue}\"",
      "lint": "eslint --fix \"{src,scripts}/**/*.{ts,tsx,js,vue}\"",
      "test": "vitest",
      "coverage": "vitest run --coverage"
    },
    "repository": {
      "type": "git",
      "url": "git+https://github.com/jiangxd2016/eurus-ui.git"
    },
    "keywords": [
      "vue ui"
    ],
    "author": "jiangxd",
    "license": "MIT",
    "bugs": {
      "url": "https://github.com/jiangxd2016/eurus-ui/issues"
    },
    "homepage": "https://github.com/jiangxd2016/eurus-ui#readme",
    "husky": {
      "hooks": {
        "pre-commit": "lint-staged",
        "prepare-commit-msg": "exec < /dev/tty && npx git-cz --hook"
      }
    },
    "lint-staged": {
      "**/*.{js,ts,vue}": [
        "eslint --fix"
      ]
    },
    "config": {
      "commitizen": {
        "path": "./node_modules/cz-conventional-changelog"
      }
    },
    "peerDependencies": {
      "async-validator": "^4.1.1",
      "dayjs": "^1.11.3",
      "vue": "^3.2.26"
    },
    "devDependencies": {
      "@estjs/eslint-config": "^0.3.1",
      "@types/node": "^17.0.40",
      "@types/stylus": "^0.48.38",
      "@vitejs/plugin-vue": "^2.3.3",
      "@vitejs/plugin-vue-jsx": "^1.3.10",
      "@vue/test-utils": "^2.0.0",
      "chokidar": "^3.5.3",
      "cross-env": "^7.0.3",
      "cssnano": "^5.1.11",
      "cz-conventional-changelog": "^3.3.0",
      "esbuild": "^0.14.42",
      "eslint": "^8.17.0",
      "esno": "^0.16.3",
      "ora": "^6.1.0",
      "pnpm": "7.1.7",
      "postcss": "^8.4.14",
      "postcss-import": "^14.1.0",
      "prettier": "^2.6.2",
      "stylus": "^0.58.1",
      "ts-morph": "^15.1.0",
      "typescript": "^4.7.3",
      "vite": "^2.9.9",
      "vitest": "^0.13.1",
      "vue-tsc": "^0.35.2"
    },
  }

yarn manifest: 
  No manifest

Lockfile: 
  No lockfile
